<?xml version="1.0" encoding="UTF-8"?>
<testsuite xmlns:xsi="http://www.w3.org/2001/XMLSchema-instance" xsi:noNamespaceSchemaLocation="https://maven.apache.org/surefire/maven-surefire-plugin/xsd/surefire-test-report-3.0.xsd" version="3.0" name="TestSuite" time="25.732" tests="1" errors="0" skipped="0" failures="0">
  <properties>
    <property name="awt.toolkit" value="sun.awt.X11.XToolkit"/>
    <property name="file.encoding.pkg" value="sun.io"/>
    <property name="java.specification.version" value="1.8"/>
    <property name="sun.cpu.isalist" value=""/>
    <property name="sun.jnu.encoding" value="UTF-8"/>
    <property name="java.class.path" value="/home/adeel-sct/Desktop/AUTOMATION/Jenkins/Automation_aftersuite_fixed_jenkins/target/test-classes:/home/adeel-sct/Desktop/AUTOMATION/Jenkins/Automation_aftersuite_fixed_jenkins/target/classes:/home/new_home/.m2/repository/org/seleniumhq/selenium/selenium-java/3.141.59/selenium-java-3.141.59.jar:/home/new_home/.m2/repository/org/seleniumhq/selenium/selenium-api/3.141.59/selenium-api-3.141.59.jar:/home/new_home/.m2/repository/org/seleniumhq/selenium/selenium-chrome-driver/3.141.59/selenium-chrome-driver-3.141.59.jar:/home/new_home/.m2/repository/org/seleniumhq/selenium/selenium-edge-driver/3.141.59/selenium-edge-driver-3.141.59.jar:/home/new_home/.m2/repository/org/seleniumhq/selenium/selenium-firefox-driver/3.141.59/selenium-firefox-driver-3.141.59.jar:/home/new_home/.m2/repository/org/seleniumhq/selenium/selenium-ie-driver/3.141.59/selenium-ie-driver-3.141.59.jar:/home/new_home/.m2/repository/org/seleniumhq/selenium/selenium-opera-driver/3.141.59/selenium-opera-driver-3.141.59.jar:/home/new_home/.m2/repository/org/seleniumhq/selenium/selenium-remote-driver/3.141.59/selenium-remote-driver-3.141.59.jar:/home/new_home/.m2/repository/org/seleniumhq/selenium/selenium-safari-driver/3.141.59/selenium-safari-driver-3.141.59.jar:/home/new_home/.m2/repository/org/seleniumhq/selenium/selenium-support/3.141.59/selenium-support-3.141.59.jar:/home/new_home/.m2/repository/net/bytebuddy/byte-buddy/1.8.15/byte-buddy-1.8.15.jar:/home/new_home/.m2/repository/org/apache/commons/commons-exec/1.3/commons-exec-1.3.jar:/home/new_home/.m2/repository/com/google/guava/guava/25.0-jre/guava-25.0-jre.jar:/home/new_home/.m2/repository/com/google/code/findbugs/jsr305/1.3.9/jsr305-1.3.9.jar:/home/new_home/.m2/repository/org/checkerframework/checker-compat-qual/2.0.0/checker-compat-qual-2.0.0.jar:/home/new_home/.m2/repository/com/google/errorprone/error_prone_annotations/2.1.3/error_prone_annotations-2.1.3.jar:/home/new_home/.m2/repository/com/google/j2objc/j2objc-annotations/1.1/j2objc-annotations-1.1.jar:/home/new_home/.m2/repository/org/codehaus/mojo/animal-sniffer-annotations/1.14/animal-sniffer-annotations-1.14.jar:/home/new_home/.m2/repository/com/squareup/okhttp3/okhttp/3.11.0/okhttp-3.11.0.jar:/home/new_home/.m2/repository/com/squareup/okio/okio/1.14.0/okio-1.14.0.jar:/home/new_home/.m2/repository/org/testng/testng/7.1.0/testng-7.1.0.jar:/home/new_home/.m2/repository/com/beust/jcommander/1.72/jcommander-1.72.jar:/home/new_home/.m2/repository/com/google/inject/guice/4.1.0/guice-4.1.0-no_aop.jar:/home/new_home/.m2/repository/javax/inject/javax.inject/1/javax.inject-1.jar:/home/new_home/.m2/repository/aopalliance/aopalliance/1.0/aopalliance-1.0.jar:/home/new_home/.m2/repository/org/yaml/snakeyaml/1.21/snakeyaml-1.21.jar:/home/new_home/.m2/repository/org/apache/poi/poi/4.1.2/poi-4.1.2.jar:/home/new_home/.m2/repository/commons-codec/commons-codec/1.13/commons-codec-1.13.jar:/home/new_home/.m2/repository/org/apache/commons/commons-collections4/4.4/commons-collections4-4.4.jar:/home/new_home/.m2/repository/org/apache/commons/commons-math3/3.6.1/commons-math3-3.6.1.jar:/home/new_home/.m2/repository/com/zaxxer/SparseBitSet/1.2/SparseBitSet-1.2.jar:/home/new_home/.m2/repository/org/apache/poi/poi-ooxml/4.1.2/poi-ooxml-4.1.2.jar:/home/new_home/.m2/repository/org/apache/poi/poi-ooxml-schemas/4.1.2/poi-ooxml-schemas-4.1.2.jar:/home/new_home/.m2/repository/org/apache/xmlbeans/xmlbeans/3.1.0/xmlbeans-3.1.0.jar:/home/new_home/.m2/repository/org/apache/commons/commons-compress/1.19/commons-compress-1.19.jar:/home/new_home/.m2/repository/com/github/virtuald/curvesapi/1.06/curvesapi-1.06.jar:/home/new_home/.m2/repository/com/aventstack/extentreports/4.0.9/extentreports-4.0.9.jar:/home/new_home/.m2/repository/org/freemarker/freemarker/2.3.23/freemarker-2.3.23.jar:/home/new_home/.m2/repository/org/mongodb/mongodb-driver/3.3.0/mongodb-driver-3.3.0.jar:/home/new_home/.m2/repository/org/mongodb/mongodb-driver-core/3.3.0/mongodb-driver-core-3.3.0.jar:/home/new_home/.m2/repository/org/mongodb/bson/3.3.0/bson-3.3.0.jar:/home/new_home/.m2/repository/org/apache/httpcomponents/httpclient/4.5.2/httpclient-4.5.2.jar:/home/new_home/.m2/repository/org/apache/httpcomponents/httpcore/4.4.4/httpcore-4.4.4.jar:/home/new_home/.m2/repository/commons-logging/commons-logging/1.2/commons-logging-1.2.jar:/home/new_home/.m2/repository/org/apache/httpcomponents/httpmime/4.5.2/httpmime-4.5.2.jar:/home/new_home/.m2/repository/com/google/code/gson/gson/2.8.5/gson-2.8.5.jar:/home/new_home/.m2/repository/commons-io/commons-io/2.6/commons-io-2.6.jar:/home/new_home/.m2/repository/log4j/log4j/1.2.17/log4j-1.2.17.jar:/home/new_home/.m2/repository/com/relevantcodes/extentreports/2.41.2/extentreports-2.41.2.jar:/home/new_home/.m2/repository/org/jsoup/jsoup/1.8.3/jsoup-1.8.3.jar:/home/new_home/.m2/repository/org/xerial/sqlite-jdbc/3.8.11.1/sqlite-jdbc-3.8.11.1.jar:/home/new_home/.m2/repository/io/github/bonigarcia/webdrivermanager/4.0.0/webdrivermanager-4.0.0.jar:/home/new_home/.m2/repository/org/slf4j/slf4j-api/1.7.30/slf4j-api-1.7.30.jar:/home/new_home/.m2/repository/org/apache/commons/commons-lang3/3.10/commons-lang3-3.10.jar:/home/new_home/.m2/repository/org/apache/httpcomponents/client5/httpclient5/5.0/httpclient5-5.0.jar:/home/new_home/.m2/repository/org/apache/httpcomponents/core5/httpcore5/5.0/httpcore5-5.0.jar:/home/new_home/.m2/repository/org/apache/httpcomponents/core5/httpcore5-h2/5.0/httpcore5-h2-5.0.jar:/home/new_home/.m2/repository/org/rauschig/jarchivelib/1.0.0/jarchivelib-1.0.0.jar:"/>
    <property name="java.vm.vendor" value="Oracle Corporation"/>
    <property name="sun.arch.data.model" value="64"/>
    <property name="java.vendor.url" value="http://java.oracle.com/"/>
    <property name="user.timezone" value="Asia/Karachi"/>
    <property name="java.vm.specification.version" value="1.8"/>
    <property name="os.name" value="Linux"/>
    <property name="user.country" value="US"/>
    <property name="sun.java.launcher" value="SUN_STANDARD"/>
    <property name="sun.boot.library.path" value="/usr/lib/jvm/java-8-oracle/jre/lib/amd64"/>
    <property name="sun.java.command" value="/home/adeel-sct/Desktop/AUTOMATION/Jenkins/Automation_aftersuite_fixed_jenkins/target/surefire/surefirebooter6257598393553630521.jar /home/adeel-sct/Desktop/AUTOMATION/Jenkins/Automation_aftersuite_fixed_jenkins/target/surefire 2022-04-12T15-38-13_950-jvmRun1 surefire2490507461237402523tmp surefire_05864618911476102962tmp"/>
    <property name="surefire.test.class.path" value="/home/adeel-sct/Desktop/AUTOMATION/Jenkins/Automation_aftersuite_fixed_jenkins/target/test-classes:/home/adeel-sct/Desktop/AUTOMATION/Jenkins/Automation_aftersuite_fixed_jenkins/target/classes:/home/new_home/.m2/repository/org/seleniumhq/selenium/selenium-java/3.141.59/selenium-java-3.141.59.jar:/home/new_home/.m2/repository/org/seleniumhq/selenium/selenium-api/3.141.59/selenium-api-3.141.59.jar:/home/new_home/.m2/repository/org/seleniumhq/selenium/selenium-chrome-driver/3.141.59/selenium-chrome-driver-3.141.59.jar:/home/new_home/.m2/repository/org/seleniumhq/selenium/selenium-edge-driver/3.141.59/selenium-edge-driver-3.141.59.jar:/home/new_home/.m2/repository/org/seleniumhq/selenium/selenium-firefox-driver/3.141.59/selenium-firefox-driver-3.141.59.jar:/home/new_home/.m2/repository/org/seleniumhq/selenium/selenium-ie-driver/3.141.59/selenium-ie-driver-3.141.59.jar:/home/new_home/.m2/repository/org/seleniumhq/selenium/selenium-opera-driver/3.141.59/selenium-opera-driver-3.141.59.jar:/home/new_home/.m2/repository/org/seleniumhq/selenium/selenium-remote-driver/3.141.59/selenium-remote-driver-3.141.59.jar:/home/new_home/.m2/repository/org/seleniumhq/selenium/selenium-safari-driver/3.141.59/selenium-safari-driver-3.141.59.jar:/home/new_home/.m2/repository/org/seleniumhq/selenium/selenium-support/3.141.59/selenium-support-3.141.59.jar:/home/new_home/.m2/repository/net/bytebuddy/byte-buddy/1.8.15/byte-buddy-1.8.15.jar:/home/new_home/.m2/repository/org/apache/commons/commons-exec/1.3/commons-exec-1.3.jar:/home/new_home/.m2/repository/com/google/guava/guava/25.0-jre/guava-25.0-jre.jar:/home/new_home/.m2/repository/com/google/code/findbugs/jsr305/1.3.9/jsr305-1.3.9.jar:/home/new_home/.m2/repository/org/checkerframework/checker-compat-qual/2.0.0/checker-compat-qual-2.0.0.jar:/home/new_home/.m2/repository/com/google/errorprone/error_prone_annotations/2.1.3/error_prone_annotations-2.1.3.jar:/home/new_home/.m2/repository/com/google/j2objc/j2objc-annotations/1.1/j2objc-annotations-1.1.jar:/home/new_home/.m2/repository/org/codehaus/mojo/animal-sniffer-annotations/1.14/animal-sniffer-annotations-1.14.jar:/home/new_home/.m2/repository/com/squareup/okhttp3/okhttp/3.11.0/okhttp-3.11.0.jar:/home/new_home/.m2/repository/com/squareup/okio/okio/1.14.0/okio-1.14.0.jar:/home/new_home/.m2/repository/org/testng/testng/7.1.0/testng-7.1.0.jar:/home/new_home/.m2/repository/com/beust/jcommander/1.72/jcommander-1.72.jar:/home/new_home/.m2/repository/com/google/inject/guice/4.1.0/guice-4.1.0-no_aop.jar:/home/new_home/.m2/repository/javax/inject/javax.inject/1/javax.inject-1.jar:/home/new_home/.m2/repository/aopalliance/aopalliance/1.0/aopalliance-1.0.jar:/home/new_home/.m2/repository/org/yaml/snakeyaml/1.21/snakeyaml-1.21.jar:/home/new_home/.m2/repository/org/apache/poi/poi/4.1.2/poi-4.1.2.jar:/home/new_home/.m2/repository/commons-codec/commons-codec/1.13/commons-codec-1.13.jar:/home/new_home/.m2/repository/org/apache/commons/commons-collections4/4.4/commons-collections4-4.4.jar:/home/new_home/.m2/repository/org/apache/commons/commons-math3/3.6.1/commons-math3-3.6.1.jar:/home/new_home/.m2/repository/com/zaxxer/SparseBitSet/1.2/SparseBitSet-1.2.jar:/home/new_home/.m2/repository/org/apache/poi/poi-ooxml/4.1.2/poi-ooxml-4.1.2.jar:/home/new_home/.m2/repository/org/apache/poi/poi-ooxml-schemas/4.1.2/poi-ooxml-schemas-4.1.2.jar:/home/new_home/.m2/repository/org/apache/xmlbeans/xmlbeans/3.1.0/xmlbeans-3.1.0.jar:/home/new_home/.m2/repository/org/apache/commons/commons-compress/1.19/commons-compress-1.19.jar:/home/new_home/.m2/repository/com/github/virtuald/curvesapi/1.06/curvesapi-1.06.jar:/home/new_home/.m2/repository/com/aventstack/extentreports/4.0.9/extentreports-4.0.9.jar:/home/new_home/.m2/repository/org/freemarker/freemarker/2.3.23/freemarker-2.3.23.jar:/home/new_home/.m2/repository/org/mongodb/mongodb-driver/3.3.0/mongodb-driver-3.3.0.jar:/home/new_home/.m2/repository/org/mongodb/mongodb-driver-core/3.3.0/mongodb-driver-core-3.3.0.jar:/home/new_home/.m2/repository/org/mongodb/bson/3.3.0/bson-3.3.0.jar:/home/new_home/.m2/repository/org/apache/httpcomponents/httpclient/4.5.2/httpclient-4.5.2.jar:/home/new_home/.m2/repository/org/apache/httpcomponents/httpcore/4.4.4/httpcore-4.4.4.jar:/home/new_home/.m2/repository/commons-logging/commons-logging/1.2/commons-logging-1.2.jar:/home/new_home/.m2/repository/org/apache/httpcomponents/httpmime/4.5.2/httpmime-4.5.2.jar:/home/new_home/.m2/repository/com/google/code/gson/gson/2.8.5/gson-2.8.5.jar:/home/new_home/.m2/repository/commons-io/commons-io/2.6/commons-io-2.6.jar:/home/new_home/.m2/repository/log4j/log4j/1.2.17/log4j-1.2.17.jar:/home/new_home/.m2/repository/com/relevantcodes/extentreports/2.41.2/extentreports-2.41.2.jar:/home/new_home/.m2/repository/org/jsoup/jsoup/1.8.3/jsoup-1.8.3.jar:/home/new_home/.m2/repository/org/xerial/sqlite-jdbc/3.8.11.1/sqlite-jdbc-3.8.11.1.jar:/home/new_home/.m2/repository/io/github/bonigarcia/webdrivermanager/4.0.0/webdrivermanager-4.0.0.jar:/home/new_home/.m2/repository/org/slf4j/slf4j-api/1.7.30/slf4j-api-1.7.30.jar:/home/new_home/.m2/repository/org/apache/commons/commons-lang3/3.10/commons-lang3-3.10.jar:/home/new_home/.m2/repository/org/apache/httpcomponents/client5/httpclient5/5.0/httpclient5-5.0.jar:/home/new_home/.m2/repository/org/apache/httpcomponents/core5/httpcore5/5.0/httpcore5-5.0.jar:/home/new_home/.m2/repository/org/apache/httpcomponents/core5/httpcore5-h2/5.0/httpcore5-h2-5.0.jar:/home/new_home/.m2/repository/org/rauschig/jarchivelib/1.0.0/jarchivelib-1.0.0.jar:"/>
    <property name="sun.cpu.endian" value="little"/>
    <property name="user.home" value="/home/new_home/"/>
    <property name="user.language" value="en"/>
    <property name="java.specification.vendor" value="Oracle Corporation"/>
    <property name="java.home" value="/usr/lib/jvm/java-8-oracle/jre"/>
    <property name="basedir" value="/home/adeel-sct/Desktop/AUTOMATION/Jenkins/Automation_aftersuite_fixed_jenkins"/>
    <property name="file.separator" value="/"/>
    <property name="line.separator" value="&#10;"/>
    <property name="java.vm.specification.vendor" value="Oracle Corporation"/>
    <property name="java.specification.name" value="Java Platform API Specification"/>
    <property name="java.awt.graphicsenv" value="sun.awt.X11GraphicsEnvironment"/>
    <property name="surefire.real.class.path" value="/home/adeel-sct/Desktop/AUTOMATION/Jenkins/Automation_aftersuite_fixed_jenkins/target/surefire/surefirebooter6257598393553630521.jar"/>
    <property name="sun.boot.class.path" value="/usr/lib/jvm/java-8-oracle/jre/lib/resources.jar:/usr/lib/jvm/java-8-oracle/jre/lib/rt.jar:/usr/lib/jvm/java-8-oracle/jre/lib/sunrsasign.jar:/usr/lib/jvm/java-8-oracle/jre/lib/jsse.jar:/usr/lib/jvm/java-8-oracle/jre/lib/jce.jar:/usr/lib/jvm/java-8-oracle/jre/lib/charsets.jar:/usr/lib/jvm/java-8-oracle/jre/lib/jfr.jar:/usr/lib/jvm/java-8-oracle/jre/classes"/>
    <property name="sun.management.compiler" value="HotSpot 64-Bit Tiered Compilers"/>
    <property name="java.runtime.version" value="1.8.0_212-b10"/>
    <property name="user.name" value="jenkins"/>
    <property name="path.separator" value=":"/>
    <property name="os.version" value="5.13.0-39-generic"/>
    <property name="java.endorsed.dirs" value="/usr/lib/jvm/java-8-oracle/jre/lib/endorsed"/>
    <property name="java.runtime.name" value="Java(TM) SE Runtime Environment"/>
    <property name="file.encoding" value="UTF-8"/>
    <property name="java.vm.name" value="Java HotSpot(TM) 64-Bit Server VM"/>
    <property name="localRepository" value="/home/new_home/.m2/repository"/>
    <property name="java.vendor.url.bug" value="http://bugreport.sun.com/bugreport/"/>
    <property name="java.io.tmpdir" value="/tmp"/>
    <property name="java.version" value="1.8.0_212"/>
    <property name="user.dir" value="/home/adeel-sct/Desktop/AUTOMATION/Jenkins/Automation_aftersuite_fixed_jenkins"/>
    <property name="os.arch" value="amd64"/>
    <property name="java.vm.specification.name" value="Java Virtual Machine Specification"/>
    <property name="java.awt.printerjob" value="sun.print.PSPrinterJob"/>
    <property name="sun.os.patch.level" value="unknown"/>
    <property name="java.library.path" value="/usr/java/packages/lib/amd64:/usr/lib64:/lib64:/lib:/usr/lib"/>
    <property name="java.vm.info" value="mixed mode"/>
    <property name="java.vendor" value="Oracle Corporation"/>
    <property name="java.vm.version" value="25.212-b10"/>
    <property name="java.ext.dirs" value="/usr/lib/jvm/java-8-oracle/jre/lib/ext:/usr/java/packages/lib/ext"/>
    <property name="sun.io.unicode.encoding" value="UnicodeLittle"/>
    <property name="java.class.version" value="52.0"/>
  </properties>
  <testcase name="loginTest" classname="testcases.Login" time="0.511"/>
</testsuite>