<?xml version="1.0" encoding="UTF-8"?>
<!-- Generated by org.testng.reporters.JUnitReportReporter -->
<testsuite skipped="0" hostname="adeel-SCT" name="testcases.Login" tests="1" failures="0" timestamp="2022-04-12T15:38:43 PKT" time="22.255" errors="0">
  <testcase name="loginTest" time="22.255" classname="testcases.Login"/>
  <system-out/>
</testsuite> <!-- testcases.Login -->
